INFO:torchtext.vocab:Downloading vectors from http://nlp.stanford.edu/data/glove.42B.300d.zip
INFO:torchtext.vocab:Extracting vectors into cached_vectors
INFO:torchtext.vocab:Loading vectors from cached_vectors/glove.42B.300d.txt
INFO:torchtext.vocab:Saving vectors to cached_vectors/glove.42B.300d.txt.pt
INFO:root:Initializing the model with loaded pre_trained weights from file model_file
INFO:root:Training started...
INFO:root:epoch number:1
INFO:root:Epoch [0/300], Train_Loss: 1.009, Train_Accuracy: 53.37%, Dev Loss: 0.893, Dev_Accuracy: 58.86%
INFO:root:model,dev accuracies and train accuracies were saved to files.
INFO:root:epoch number:2
INFO:root:Epoch [1/300], Train_Loss: 0.965, Train_Accuracy: 56.22%, Dev Loss: 0.869, Dev_Accuracy: 60.74%
INFO:root:model,dev accuracies and train accuracies were saved to files.
INFO:root:epoch number:3
INFO:root:Epoch [2/300], Train_Loss: 0.943, Train_Accuracy: 57.88%, Dev Loss: 0.844, Dev_Accuracy: 62.31%
INFO:root:model,dev accuracies and train accuracies were saved to files.
INFO:root:epoch number:4
INFO:root:Epoch [3/300], Train_Loss: 0.928, Train_Accuracy: 59.01%, Dev Loss: 0.829, Dev_Accuracy: 62.77%
INFO:root:model,dev accuracies and train accuracies were saved to files.
INFO:root:epoch number:5
INFO:root:Epoch [4/300], Train_Loss: 0.917, Train_Accuracy: 59.94%, Dev Loss: 0.817, Dev_Accuracy: 63.54%
INFO:root:model,dev accuracies and train accuracies were saved to files.
INFO:root:epoch number:6
INFO:root:Epoch [5/300], Train_Loss: 0.908, Train_Accuracy: 60.49%, Dev Loss: 0.805, Dev_Accuracy: 65.03%
INFO:root:model,dev accuracies and train accuracies were saved to files.
INFO:root:epoch number:7
INFO:root:Epoch [6/300], Train_Loss: 0.900, Train_Accuracy: 61.02%, Dev Loss: 0.802, Dev_Accuracy: 65.42%
INFO:root:model,dev accuracies and train accuracies were saved to files.
INFO:root:epoch number:8
INFO:root:Epoch [7/300], Train_Loss: 0.894, Train_Accuracy: 61.32%, Dev Loss: 0.795, Dev_Accuracy: 65.68%
INFO:root:model,dev accuracies and train accuracies were saved to files.
INFO:root:epoch number:9
INFO:root:Epoch [8/300], Train_Loss: 0.889, Train_Accuracy: 61.56%, Dev Loss: 0.789, Dev_Accuracy: 65.95%
INFO:root:model,dev accuracies and train accuracies were saved to files.
INFO:root:epoch number:10
INFO:root:Epoch [9/300], Train_Loss: 0.885, Train_Accuracy: 61.74%, Dev Loss: 0.782, Dev_Accuracy: 66.21%
INFO:root:model,dev accuracies and train accuracies were saved to files.
INFO:root:epoch number:11
INFO:root:Epoch [10/300], Train_Loss: 0.880, Train_Accuracy: 62.07%, Dev Loss: 0.780, Dev_Accuracy: 66.32%
INFO:root:model,dev accuracies and train accuracies were saved to files.
INFO:root:epoch number:12
INFO:root:Epoch [11/300], Train_Loss: 0.877, Train_Accuracy: 62.41%, Dev Loss: 0.789, Dev_Accuracy: 66.36%
INFO:root:model,dev accuracies and train accuracies were saved to files.
INFO:root:epoch number:13
INFO:root:Epoch [12/300], Train_Loss: 0.873, Train_Accuracy: 62.30%, Dev Loss: 0.774, Dev_Accuracy: 66.89%
INFO:root:model,dev accuracies and train accuracies were saved to files.
INFO:root:epoch number:14
INFO:root:Epoch [13/300], Train_Loss: 0.870, Train_Accuracy: 62.81%, Dev Loss: 0.766, Dev_Accuracy: 67.27%
INFO:root:model,dev accuracies and train accuracies were saved to files.
INFO:root:epoch number:15
INFO:root:Epoch [14/300], Train_Loss: 0.867, Train_Accuracy: 63.04%, Dev Loss: 0.764, Dev_Accuracy: 67.12%
INFO:root:model,dev accuracies and train accuracies were saved to files.
INFO:root:epoch number:16
INFO:root:Epoch [15/300], Train_Loss: 0.864, Train_Accuracy: 63.34%, Dev Loss: 0.756, Dev_Accuracy: 67.51%
INFO:root:model,dev accuracies and train accuracies were saved to files.
INFO:root:epoch number:17
INFO:root:Epoch [16/300], Train_Loss: 0.861, Train_Accuracy: 63.57%, Dev Loss: 0.753, Dev_Accuracy: 67.47%
INFO:root:model,dev accuracies and train accuracies were saved to files.
INFO:root:epoch number:18
INFO:root:Epoch [17/300], Train_Loss: 0.859, Train_Accuracy: 63.69%, Dev Loss: 0.754, Dev_Accuracy: 67.75%
INFO:root:model,dev accuracies and train accuracies were saved to files.
INFO:root:epoch number:19
INFO:root:Epoch [18/300], Train_Loss: 0.856, Train_Accuracy: 63.93%, Dev Loss: 0.748, Dev_Accuracy: 68.17%
INFO:root:model,dev accuracies and train accuracies were saved to files.
INFO:root:epoch number:20
INFO:root:Epoch [19/300], Train_Loss: 0.854, Train_Accuracy: 64.05%, Dev Loss: 0.743, Dev_Accuracy: 68.41%
INFO:root:model,dev accuracies and train accuracies were saved to files.
INFO:root:epoch number:21
INFO:root:Epoch [20/300], Train_Loss: 0.851, Train_Accuracy: 64.25%, Dev Loss: 0.737, Dev_Accuracy: 68.43%
INFO:root:model,dev accuracies and train accuracies were saved to files.
INFO:root:epoch number:22
INFO:root:Epoch [21/300], Train_Loss: 0.849, Train_Accuracy: 64.44%, Dev Loss: 0.735, Dev_Accuracy: 69.09%
INFO:root:model,dev accuracies and train accuracies were saved to files.
INFO:root:epoch number:23
INFO:root:Epoch [22/300], Train_Loss: 0.847, Train_Accuracy: 64.62%, Dev Loss: 0.731, Dev_Accuracy: 69.72%
INFO:root:model,dev accuracies and train accuracies were saved to files.
INFO:root:epoch number:24
INFO:root:Epoch [23/300], Train_Loss: 0.845, Train_Accuracy: 64.80%, Dev Loss: 0.730, Dev_Accuracy: 69.28%
INFO:root:model,dev accuracies and train accuracies were saved to files.
INFO:root:epoch number:25
INFO:root:Epoch [24/300], Train_Loss: 0.843, Train_Accuracy: 64.93%, Dev Loss: 0.727, Dev_Accuracy: 69.41%
INFO:root:model,dev accuracies and train accuracies were saved to files.
INFO:root:epoch number:26
INFO:root:Epoch [25/300], Train_Loss: 0.841, Train_Accuracy: 64.87%, Dev Loss: 0.726, Dev_Accuracy: 69.49%
INFO:root:model,dev accuracies and train accuracies were saved to files.
INFO:root:epoch number:27
INFO:root:Epoch [26/300], Train_Loss: 0.839, Train_Accuracy: 64.97%, Dev Loss: 0.728, Dev_Accuracy: 69.37%
INFO:root:model,dev accuracies and train accuracies were saved to files.
INFO:root:epoch number:28
INFO:root:Epoch [27/300], Train_Loss: 0.837, Train_Accuracy: 65.16%, Dev Loss: 0.719, Dev_Accuracy: 69.74%
INFO:root:model,dev accuracies and train accuracies were saved to files.
INFO:root:epoch number:29
INFO:root:Epoch [28/300], Train_Loss: 0.836, Train_Accuracy: 65.25%, Dev Loss: 0.721, Dev_Accuracy: 69.87%
INFO:root:model,dev accuracies and train accuracies were saved to files.
INFO:root:epoch number:30
INFO:root:Epoch [29/300], Train_Loss: 0.834, Train_Accuracy: 65.54%, Dev Loss: 0.712, Dev_Accuracy: 70.29%
INFO:root:model,dev accuracies and train accuracies were saved to files.
INFO:root:epoch number:31
INFO:root:Epoch [30/300], Train_Loss: 0.832, Train_Accuracy: 65.75%, Dev Loss: 0.713, Dev_Accuracy: 69.98%
INFO:root:model,dev accuracies and train accuracies were saved to files.
INFO:root:epoch number:32
INFO:root:Epoch [31/300], Train_Loss: 0.830, Train_Accuracy: 65.73%, Dev Loss: 0.711, Dev_Accuracy: 70.36%
INFO:root:model,dev accuracies and train accuracies were saved to files.
INFO:root:epoch number:33
INFO:root:Epoch [32/300], Train_Loss: 0.829, Train_Accuracy: 65.92%, Dev Loss: 0.707, Dev_Accuracy: 70.31%
INFO:root:model,dev accuracies and train accuracies were saved to files.
INFO:root:epoch number:34
INFO:root:Epoch [33/300], Train_Loss: 0.827, Train_Accuracy: 65.85%, Dev Loss: 0.706, Dev_Accuracy: 70.51%
INFO:root:model,dev accuracies and train accuracies were saved to files.
INFO:root:epoch number:35
INFO:root:Epoch [34/300], Train_Loss: 0.826, Train_Accuracy: 66.11%, Dev Loss: 0.702, Dev_Accuracy: 70.56%
INFO:root:model,dev accuracies and train accuracies were saved to files.
INFO:root:epoch number:36
INFO:root:Epoch [35/300], Train_Loss: 0.824, Train_Accuracy: 66.28%, Dev Loss: 0.702, Dev_Accuracy: 70.66%
INFO:root:model,dev accuracies and train accuracies were saved to files.
INFO:root:epoch number:37
INFO:root:Epoch [36/300], Train_Loss: 0.823, Train_Accuracy: 66.38%, Dev Loss: 0.696, Dev_Accuracy: 71.03%
INFO:root:model,dev accuracies and train accuracies were saved to files.
INFO:root:epoch number:38
INFO:root:Epoch [37/300], Train_Loss: 0.821, Train_Accuracy: 66.49%, Dev Loss: 0.691, Dev_Accuracy: 70.91%
INFO:root:model,dev accuracies and train accuracies were saved to files.
INFO:root:epoch number:39
INFO:root:Epoch [38/300], Train_Loss: 0.820, Train_Accuracy: 66.68%, Dev Loss: 0.689, Dev_Accuracy: 70.99%
INFO:root:model,dev accuracies and train accuracies were saved to files.
INFO:root:epoch number:40
